<?xml version="1.0" encoding="UTF-8"?>
<!-- Generated by org.testng.reporters.JUnitReportReporter -->
<testsuite hostname="DESKTOP-Q4K1GQ4" failures="0" tests="1" name="com.colab.apitests.Login" time="6.107" errors="0" timestamp="2025-01-16T16:33:10 IST" skipped="0">
  <testcase classname="com.colab.apitests.Login" name="styles" time="6.107"/>
</testsuite> <!-- com.colab.apitests.Login -->
